# JRE version: OpenJDK Runtime Environment Corretto-19.0.2.7.1 (19.0.2+7) (build 19.0.2+7-FR)
# Java VM: OpenJDK 64-Bit Server VM Corretto-19.0.2.7.1 (19.0.2+7-FR, mixed mode, emulated-client, sharing, tiered, compressed oops, compressed class ptrs, g1 gc, bsd-aarch64)
GC Precious Log:
 CardTable entry size: 512
 Card Set container configuration: InlinePtr #cards 5 size 8 Array Of Cards #cards 12 size 40 Howl #buckets 4 coarsen threshold 1843 Howl Bitmap #cards 512 size 80 coarsen threshold 460 Card regions per heap region 1 cards per card region 2048
 CPUs: 8 total, 8 available
 Memory: 8192M
 Large Page Support: Disabled
 NUMA Support: Disabled
 Compressed Oops: Enabled (Zero based)
 Heap Region Size: 1M
 Heap Min Capacity: 8M
 Heap Initial Capacity: 128M
 Heap Max Capacity: 2G
 Pre-touch: Disabled
 Parallel Workers: 8
 Concurrent Workers: 2
 Concurrent Refinement Workers: 8
 Periodic GC: Disabled
Heap:
 garbage-first heap   total 106496K, used 68111K [0x0000000780000000, 0x0000000800000000)
  region size 1024K, 36 young (36864K), 7 survivors (7168K)
 Metaspace       used 69338K, committed 70144K, reserved 1114112K
  class space    used 9524K, committed 9920K, reserved 1048576K
GC Heap History (20 events):
Event: 1.463 GC heap before
{Heap before GC invocations=6 (full 0):
 garbage-first heap   total 62464K, used 41484K [0x0000000780000000, 0x0000000800000000)
  region size 1024K, 27 young (27648K), 1 survivors (1024K)
 Metaspace       used 29610K, committed 30144K, reserved 1114112K
  class space    used 3989K, committed 4288K, reserved 1048576K
}
Event: 1.465 GC heap after
{Heap after GC invocations=7 (full 0):
 garbage-first heap   total 62464K, used 17986K [0x0000000780000000, 0x0000000800000000)
  region size 1024K, 3 young (3072K), 3 survivors (3072K)
 Metaspace       used 29610K, committed 30144K, reserved 1114112K
  class space    used 3989K, committed 4288K, reserved 1048576K
}
Event: 1.706 GC heap before
{Heap before GC invocations=7 (full 0):
 garbage-first heap   total 62464K, used 43586K [0x0000000780000000, 0x0000000800000000)
  region size 1024K, 28 young (28672K), 3 survivors (3072K)
 Metaspace       used 34320K, committed 34880K, reserved 1114112K
  class space    used 4491K, committed 4736K, reserved 1048576K
}
Event: 1.708 GC heap after
{Heap after GC invocations=8 (full 0):
 garbage-first heap   total 62464K, used 19911K [0x0000000780000000, 0x0000000800000000)
  region size 1024K, 2 young (2048K), 2 survivors (2048K)
 Metaspace       used 34320K, committed 34880K, reserved 1114112K
  class space    used 4491K, committed 4736K, reserved 1048576K
}
Event: 1.781 GC heap before
{Heap before GC invocations=8 (full 0):
 garbage-first heap   total 62464K, used 27079K [0x0000000780000000, 0x0000000800000000)
  region size 1024K, 11 young (11264K), 2 survivors (2048K)
 Metaspace       used 35558K, committed 36096K, reserved 1114112K
  class space    used 4653K, committed 4928K, reserved 1048576K
}
Event: 1.784 GC heap after
{Heap after GC invocations=9 (full 0):
 garbage-first heap   total 62464K, used 20522K [0x0000000780000000, 0x0000000800000000)
  region size 1024K, 3 young (3072K), 3 survivors (3072K)
 Metaspace       used 35558K, committed 36096K, reserved 1114112K
  class space    used 4653K, committed 4928K, reserved 1048576K
}
Event: 1.982 GC heap before
{Heap before GC invocations=10 (full 0):
 garbage-first heap   total 62464K, used 45098K [0x0000000780000000, 0x0000000800000000)
  region size 1024K, 27 young (27648K), 3 survivors (3072K)
 Metaspace       used 40075K, committed 40640K, reserved 1114112K
  class space    used 5353K, committed 5632K, reserved 1048576K
}
Event: 1.984 GC heap after
{Heap after GC invocations=11 (full 0):
 garbage-first heap   total 62464K, used 21619K [0x0000000780000000, 0x0000000800000000)
  region size 1024K, 2 young (2048K), 2 survivors (2048K)
 Metaspace       used 40075K, committed 40640K, reserved 1114112K
  class space    used 5353K, committed 5632K, reserved 1048576K
}
Event: 1.991 GC heap before
{Heap before GC invocations=11 (full 0):
 garbage-first heap   total 62464K, used 21619K [0x0000000780000000, 0x0000000800000000)
  region size 1024K, 3 young (3072K), 2 survivors (2048K)
 Metaspace       used 40208K, committed 40768K, reserved 1114112K
  class space    used 5373K, committed 5632K, reserved 1048576K
}
Event: 1.993 GC heap after
{Heap after GC invocations=12 (full 0):
 garbage-first heap   total 109568K, used 21539K [0x0000000780000000, 0x0000000800000000)
  region size 1024K, 1 young (1024K), 1 survivors (1024K)
 Metaspace       used 40208K, committed 40768K, reserved 1114112K
  class space    used 5373K, committed 5632K, reserved 1048576K
}
Event: 3.019 GC heap before
{Heap before GC invocations=12 (full 0):
 garbage-first heap   total 109568K, used 82979K [0x0000000780000000, 0x0000000800000000)
  region size 1024K, 62 young (63488K), 1 survivors (1024K)
 Metaspace       used 53793K, committed 54400K, reserved 1114112K
  class space    used 7380K, committed 7680K, reserved 1048576K
}
Event: 3.022 GC heap after
{Heap after GC invocations=13 (full 0):
 garbage-first heap   total 109568K, used 23628K [0x0000000780000000, 0x0000000800000000)
  region size 1024K, 3 young (3072K), 3 survivors (3072K)
 Metaspace       used 53793K, committed 54400K, reserved 1114112K
  class space    used 7380K, committed 7680K, reserved 1048576K
}
Event: 3.799 GC heap before
{Heap before GC invocations=13 (full 0):
 garbage-first heap   total 109568K, used 75852K [0x0000000780000000, 0x0000000800000000)
  region size 1024K, 55 young (56320K), 3 survivors (3072K)
 Metaspace       used 60122K, committed 60736K, reserved 1114112K
  class space    used 8225K, committed 8512K, reserved 1048576K
}
Event: 3.803 GC heap after
{Heap after GC invocations=14 (full 0):
 garbage-first heap   total 109568K, used 27378K [0x0000000780000000, 0x0000000800000000)
  region size 1024K, 7 young (7168K), 7 survivors (7168K)
 Metaspace       used 60122K, committed 60736K, reserved 1114112K
  class space    used 8225K, committed 8512K, reserved 1048576K
}
Event: 4.093 GC heap before
{Heap before GC invocations=15 (full 0):
 garbage-first heap   total 106496K, used 85746K [0x0000000780000000, 0x0000000800000000)
  region size 1024K, 63 young (64512K), 7 survivors (7168K)
 Metaspace       used 60384K, committed 61056K, reserved 1114112K
  class space    used 8288K, committed 8640K, reserved 1048576K
}
Event: 4.098 GC heap after
{Heap after GC invocations=16 (full 0):
 garbage-first heap   total 106496K, used 32100K [0x0000000780000000, 0x0000000800000000)
  region size 1024K, 8 young (8192K), 8 survivors (8192K)
 Metaspace       used 60384K, committed 61056K, reserved 1114112K
  class space    used 8288K, committed 8640K, reserved 1048576K
}
Event: 4.100 GC heap before
{Heap before GC invocations=16 (full 0):
 garbage-first heap   total 106496K, used 33124K [0x0000000780000000, 0x0000000800000000)
  region size 1024K, 9 young (9216K), 8 survivors (8192K)
 Metaspace       used 60384K, committed 61056K, reserved 1114112K
  class space    used 8288K, committed 8640K, reserved 1048576K
}
Event: 4.104 GC heap after
{Heap after GC invocations=17 (full 0):
 garbage-first heap   total 106496K, used 32506K [0x0000000780000000, 0x0000000800000000)
  region size 1024K, 1 young (1024K), 1 survivors (1024K)
 Metaspace       used 60384K, committed 61056K, reserved 1114112K
  class space    used 8288K, committed 8640K, reserved 1048576K
}
Event: 7.913 GC heap before
{Heap before GC invocations=17 (full 0):
 garbage-first heap   total 106496K, used 81658K [0x0000000780000000, 0x0000000800000000)
  region size 1024K, 50 young (51200K), 1 survivors (1024K)
 Metaspace       used 64355K, committed 65152K, reserved 1114112K
  class space    used 8839K, committed 9216K, reserved 1048576K
}
Event: 7.924 GC heap after
{Heap after GC invocations=18 (full 0):
 garbage-first heap   total 106496K, used 40463K [0x0000000780000000, 0x0000000800000000)
  region size 1024K, 7 young (7168K), 7 survivors (7168K)
 Metaspace       used 64355K, committed 65152K, reserved 1114112K
  class space    used 8839K, committed 9216K, reserved 1048576K
}

